<?xml version="1.0" encoding="UTF-8"?>
<!-- Generated by org.testng.reporters.JUnitXMLReporter -->
<testsuite ignored="0" hostname="DESKTOP-V44M6NP" failures="0" tests="4" name="Edge" time="176.361" errors="0" timestamp="2023-02-07T17:25:49 IST">
  <testcase classname="TestNG.VerifyAddtoCartandBuyNowNew" name="ClickonBuyNow" time="16.237"/>
  <testcase classname="TestNG.VerifyAddtoCartandBuyNowNew" name="clickonAddtoCart" time="29.516"/>
  <testcase classname="TestNG.VerifyAddAddressPage" name="VerifyEditAddress" time="6.311"/>
  <testcase classname="TestNG.VerifyAddAddressPage" name="AddNewAddress" time="0.0">
    <skipped/>
  </testcase> <!-- AddNewAddress -->
</testsuite> <!-- Edge -->
