<?xml version="1.0" encoding="UTF-8"?>
<!-- Generated by org.testng.reporters.JUnitXMLReporter -->
<testsuite ignored="1" hostname="DESKTOP-V44M6NP" failures="0" tests="1" name="Chrome(failed)(failed)" time="39.973" errors="0" timestamp="2023-02-05T00:00:38 IST">
  <testcase classname="TestNG.VerifyAddAddressPage" name="AddNewAddress" time="12.555"/>
  <testcase classname="TestNG.VerifyAddAddressPage" name="VerifyEditAddress" time="0.0">
    <ignored/>
  </testcase> <!-- VerifyEditAddress -->
</testsuite> <!-- Chrome(failed)(failed) -->
