<?xml version="1.0" encoding="UTF-8"?>
<!-- Generated by org.testng.reporters.JUnitXMLReporter -->
<testsuite ignored="0" hostname="DESKTOP-V44M6NP" failures="1" tests="2" name="Chrome(failed)" time="45.95" errors="0" timestamp="2023-02-04T23:58:43 IST">
  <testcase classname="TestNG.VerifyAddAddressPage" name="VerifyEditAddress" time="3.738"/>
  <testcase classname="TestNG.VerifyAddAddressPage" name="AddNewAddress" time="8.245">
    <failure type="java.lang.AssertionError" message="expected [PIMPRI CHINCHWAD] but found []">
      <![CDATA[java.lang.AssertionError: expected [PIMPRI CHINCHWAD] but found []
at TestNG.VerifyAddAddressPage.AddNewAddress(VerifyAddAddressPage.java:92)
at java.base/java.util.ArrayList.forEach(ArrayList.java:1511)
... Removed 32 stack frames]]>
    </failure>
  </testcase> <!-- AddNewAddress -->
</testsuite> <!-- Chrome(failed) -->
